<?xml version="1.0" encoding="UTF-8"?>
<testsuite name="runtime.VirtualMachineTest" tests="3" skipped="0" failures="0" errors="0" timestamp="2018-04-17T06:53:26" hostname="weizitongs-MAC.local" time="0.014">
  <properties/>
  <testcase name="arithTest" classname="runtime.VirtualMachineTest" time="0.006"/>
  <testcase name="addInstructionTest" classname="runtime.VirtualMachineTest" time="0.003"/>
  <testcase name="branchTest" classname="runtime.VirtualMachineTest" time="0.004"/>
  <system-out><![CDATA[3
1
************************Instrunctions************************
0: Instruction: Opcode: MOVE  Oprand1:{Type: NAME, Name: t1} Oprand2:{Type: VALUE, Value: 1}
1: Instruction: Opcode: MOVE  Oprand1:{Type: NAME, Name: t2} Oprand2:{Type: VALUE, Value: 2}
2: Instruction: Opcode: NOP 
3: Instruction: Opcode: ADD  Oprand1:{Type: NAME, Name: t1} Oprand2:{Type: NAME, Name: t1} Oprand3:{Type: NAME, Name: t2}
4: Instruction: Opcode: MUL  Oprand1:{Type: NAME, Name: t1} Oprand2:{Type: VALUE, Value: 3} Oprand3:{Type: NAME, Name: t2}
5: Instruction: Opcode: DIV  Oprand1:{Type: NAME, Name: t1} Oprand2:{Type: NAME, Name: t1} Oprand3:{Type: NAME, Name: t2}
6: Instruction: Opcode: REM  Oprand1:{Type: NAME, Name: t2} Oprand2:{Type: NAME, Name: t1} Oprand3:{Type: NAME, Name: t2}
7: Instruction: Opcode: PRINT  Oprand1:{Type: NAME, Name: t1}
8: Instruction: Opcode: PRINT  Oprand1:{Type: NAME, Name: t2}
************************Labels************************
************************SymbolTabel************************
t2: 1
t1: 3
************************Instrunctions************************
0: Instruction: Opcode: MOVE  Oprand1:{Type: NAME, Name: a1} Oprand2:{Type: VALUE, Value: 23}
1: Instruction: Opcode: ADD  Oprand1:{Type: NAME, Name: t1} Oprand2:{Type: NAME, Name: t2} Oprand3:{Type: VALUE, Value: 123}
2: Instruction: Opcode: SUB  Oprand1:{Type: NAME, Name: t1} Oprand2:{Type: NAME, Name: t2} Oprand3:{Type: VALUE, Value: 123}
3: Instruction: Opcode: DIV  Oprand1:{Type: NAME, Name: t1} Oprand2:{Type: NAME, Name: t2} Oprand3:{Type: VALUE, Value: 123}
4: Instruction: Opcode: REM  Oprand1:{Type: NAME, Name: t1} Oprand2:{Type: NAME, Name: t2} Oprand3:{Type: VALUE, Value: 123}
5: Instruction: Opcode: BNEQ  Oprand1:{Type: NAME, Name: t1} Oprand2:{Type: VALUE, Value: 321} Oprand3:{Type: NAME, Name: LB1}
6: Instruction: Opcode: BEQ  Oprand1:{Type: NAME, Name: t1} Oprand2:{Type: NAME, Name: t4} Oprand3:{Type: NAME, Name: LB1}
7: Instruction: Opcode: BNLT  Oprand1:{Type: NAME, Name: t1} Oprand2:{Type: NAME, Name: t4} Oprand3:{Type: NAME, Name: LB1}
8: Instruction: Opcode: BNGE  Oprand1:{Type: NAME, Name: t1} Oprand2:{Type: NAME, Name: t4} Oprand3:{Type: NAME, Name: LB1}
9: Instruction: Opcode: BNGT  Oprand1:{Type: NAME, Name: t1} Oprand2:{Type: NAME, Name: t4} Oprand3:{Type: NAME, Name: LB1}
10: Instruction: Opcode: BNLE  Oprand1:{Type: NAME, Name: t1} Oprand2:{Type: NAME, Name: t4} Oprand3:{Type: NAME, Name: LB1}
11: Instruction: Opcode: JUMP  Oprand1:{Type: NAME, Name: LB1}
12: Instruction: Opcode: NOP 
13: Instruction: Opcode: PRINT  Oprand1:{Type: NAME, Name: t1}
14: Instruction: Opcode: PRINT  Oprand1:{Type: VALUE, Value: 1}
15: Instruction: Opcode: NOP 
************************Labels************************
LB4: 5
LB3: 12
LB1: 1
************************Instrunctions************************
0: Instruction: Opcode: JUMP  Oprand1:{Type: NAME, Name: end1}
1: Instruction: Opcode: NOP 
2: Instruction: Opcode: BEQ  Oprand1:{Type: VALUE, Value: 1} Oprand2:{Type: VALUE, Value: 1} Oprand3:{Type: NAME, Name: LB1}
3: Instruction: Opcode: ADD  Oprand1:{Type: NAME, Name: t1} Oprand2:{Type: NAME, Name: t1} Oprand3:{Type: VALUE, Value: 100}
4: Instruction: Opcode: BNEQ  Oprand1:{Type: VALUE, Value: 2} Oprand2:{Type: VALUE, Value: 1} Oprand3:{Type: NAME, Name: LB2}
5: Instruction: Opcode: ADD  Oprand1:{Type: NAME, Name: t1} Oprand2:{Type: NAME, Name: t1} Oprand3:{Type: VALUE, Value: 100}
6: Instruction: Opcode: BNGE  Oprand1:{Type: VALUE, Value: 1} Oprand2:{Type: VALUE, Value: 3} Oprand3:{Type: NAME, Name: LB3}
7: Instruction: Opcode: ADD  Oprand1:{Type: NAME, Name: t1} Oprand2:{Type: NAME, Name: t1} Oprand3:{Type: VALUE, Value: 100}
8: Instruction: Opcode: BNGT  Oprand1:{Type: VALUE, Value: 1} Oprand2:{Type: VALUE, Value: 1} Oprand3:{Type: NAME, Name: LB4}
9: Instruction: Opcode: ADD  Oprand1:{Type: NAME, Name: t1} Oprand2:{Type: NAME, Name: t1} Oprand3:{Type: VALUE, Value: 100}
10: Instruction: Opcode: BNLE  Oprand1:{Type: VALUE, Value: 2} Oprand2:{Type: VALUE, Value: 1} Oprand3:{Type: NAME, Name: LB5}
11: Instruction: Opcode: ADD  Oprand1:{Type: NAME, Name: t1} Oprand2:{Type: NAME, Name: t1} Oprand3:{Type: VALUE, Value: 100}
12: Instruction: Opcode: BNLT  Oprand1:{Type: VALUE, Value: 2} Oprand2:{Type: VALUE, Value: 2} Oprand3:{Type: NAME, Name: final}
13: Instruction: Opcode: ADD  Oprand1:{Type: NAME, Name: t1} Oprand2:{Type: NAME, Name: t1} Oprand3:{Type: VALUE, Value: 100}
14: Instruction: Opcode: JUMP  Oprand1:{Type: NAME, Name: end2}
15: Instruction: Opcode: MOVE  Oprand1:{Type: NAME, Name: t1} Oprand2:{Type: VALUE, Value: 1}
16: Instruction: Opcode: JUMP  Oprand1:{Type: NAME, Name: begin}
17: Instruction: Opcode: NOP 
************************Labels************************
final: 14
begin: 1
LB5: 12
LB4: 10
LB3: 8
LB2: 6
LB1: 4
end2: 17
end1: 15
************************SymbolTabel************************
t1: 1
]]></system-out>
  <system-err><![CDATA[]]></system-err>
</testsuite>
